\BOOKMARK [1][-]{section.1}{\376\377\001\130\000e\001\141\000e\000n\000\375\000\040\000p\000r\000o\000b\000l\000\351\000m\000\040\000a\000\040\000z\000\341\000k\000l\000a\000d\000n\000\355\000\040\000i\000m\000p\000l\000e\000m\000e\000n\000t\000a\000c\000e}{}% 1
\BOOKMARK [2][-]{subsection.1.1}{\376\377\000D\000e\000f\000i\000n\000i\000c\000e\000\040\000p\000r\000o\000b\000l\000\351\000m\000u}{section.1}% 2
\BOOKMARK [2][-]{subsection.1.2}{\376\377\000D\000i\000j\000k\000s\000t\000r\001\157\000v\000\040\000a\000l\000g\000o\000r\000i\000t\000m\000u\000s}{section.1}% 3
\BOOKMARK [2][-]{subsection.1.3}{\376\377\000F\000l\000o\000y\000d\000-\000W\000a\000r\000s\000h\000a\000l\000l\001\157\000v\000\040\000a\000l\000g\000o\000r\000i\000t\000m\000u\000s}{section.1}% 4
\BOOKMARK [2][-]{subsection.1.4}{\376\377\000P\000o\000r\000o\000v\000n\000\341\000n\000\355\000\040\000a\000l\000g\000o\000r\000i\000t\000m\001\157}{section.1}% 5
\BOOKMARK [2][-]{subsection.1.5}{\376\377\000P\000o\000p\000i\000s\000\040\000s\000o\000u\000b\000o\000r\001\157}{section.1}% 6
\BOOKMARK [1][-]{section.2}{\376\377\000O\000p\000t\000i\000m\000a\000l\000i\000z\000o\000v\000a\000n\000\341\000\040\000v\000e\000r\000z\000e\000\040\000s\000e\000k\000v\000e\000n\001\015\000n\000\355\000h\000o\000\040\000a\000l\000g\000o\000r\000i\000t\000m\000u}{}% 7
\BOOKMARK [2][-]{subsection.2.1}{\376\377\000D\000i\000j\000k\000s\000t\000r\001\157\000v\000\040\000a\000l\000g\000o\000r\000i\000t\000m\000u\000s}{section.2}% 8
\BOOKMARK [3][-]{subsubsection.2.1.1}{\376\377\000\332\000p\000r\000a\000v\000a\000\040\000a\000l\000g\000o\000r\000i\000t\000m\000u}{subsection.2.1}% 9
\BOOKMARK [3][-]{subsubsection.2.1.2}{\376\377\000P\001\131\000e\000p\000\355\000n\000a\001\015\000e\000\040\000g\000c\000c}{subsection.2.1}% 10
\BOOKMARK [3][-]{subsubsection.2.1.3}{\376\377\000P\000r\000o\000f\000i\000l\000i\000n\000g}{subsection.2.1}% 11
\BOOKMARK [2][-]{subsection.2.2}{\376\377\000F\000l\000o\000y\000d\000-\000W\000a\000r\000s\000h\000a\000l\000l\001\157\000v\000\040\000a\000l\000g\000o\000r\000i\000t\000m\000u\000s}{section.2}% 12
\BOOKMARK [3][-]{subsubsection.2.2.1}{\376\377\000P\001\131\000e\000p\000\355\000n\000a\001\015\000e\000\040\000g\000c\000c}{subsection.2.2}% 13
\BOOKMARK [2][-]{subsection.2.3}{\376\377\000P\000o\000p\000i\000s\000\040\000t\000e\000s\000t\000o\000v\000a\000c\000\355\000c\000h\000\040\000i\000n\000s\000t\000a\000n\000c\000\355}{section.2}% 14
\BOOKMARK [2][-]{subsection.2.4}{\376\377\000M\001\033\001\131\000e\000n\000\355\000\040\000a\000\040\000p\000o\000r\000o\000v\000n\000\341\000n\000\355\000\040\000v\000\375\000k\000o\000n\000o\000s\000t\000i\000\040\000r\001\157\000z\000n\000\375\000c\000h\000\040\000s\000e\000k\000v\000e\000n\001\015\000n\000\355\000c\000h\000\040\000v\000e\000r\000z\000\355}{section.2}% 15
\BOOKMARK [3][-]{subsubsection.2.4.1}{\376\377\000M\001\033\001\131\000e\000n\000\355\000\040\000D\000i\000j\000k\000s\000t\000r\000o\000v\000a\000\040\000a\000l\000g\000o\000r\000i\000t\000m\000u}{subsection.2.4}% 16
\BOOKMARK [3][-]{subsubsection.2.4.2}{\376\377\000M\001\033\001\131\000e\000n\000\355\000\040\000F\000l\000o\000y\000d\000-\000W\000a\000r\000s\000h\000a\000l\000l\000o\000v\000a\000\040\000a\000l\000g\000o\000r\000i\000t\000m\000u}{subsection.2.4}% 17
\BOOKMARK [1][-]{section.3}{\376\377\000V\000\355\000c\000e\000v\000l\000\341\000k\000n\000o\000v\000\341\000\040\000i\000m\000p\000l\000e\000m\000e\000n\000t\000a\000c\000e}{}% 18
\BOOKMARK [2][-]{subsection.3.1}{\376\377\000D\000i\000j\000k\000s\000t\000r\001\157\000v\000\040\000a\000l\000g\000o\000r\000i\000t\000m\000u\000s}{section.3}% 19
\BOOKMARK [3][-]{subsubsection.3.1.1}{\376\377\000M\001\033\001\131\000e\000n\000\355}{subsection.3.1}% 20
\BOOKMARK [2][-]{subsection.3.2}{\376\377\000F\000l\000o\000y\000d\000-\000W\000a\000r\000s\000h\000a\000l\000l\001\157\000v\000\040\000a\000l\000g\000o\000r\000i\000t\000m\000u\000s}{section.3}% 21
\BOOKMARK [3][-]{subsubsection.3.2.1}{\376\377\000M\001\033\001\131\000e\000n\000\355}{subsection.3.2}% 22
\BOOKMARK [1][-]{section.4}{\376\377\000Z\000\341\000v\001\033\000r}{}% 23
